Error: Cannot find module 'morgan'
Require stack:
- /root/triptime-node/route-proxy.js
- /root/triptime-node/server.js
    at Module._resolveFilename (node:internal/modules/cjs/loader:1212:15)
    at Hook._require.Module.require (/usr/lib/node_modules/pm2/node_modules/require-in-the-middle/index.js:81:25)
    at require (node:internal/modules/helpers:182:18)
    at Object.<anonymous> (/root/triptime-node/route-proxy.js:4:16)
    at Module._compile (node:internal/modules/cjs/loader:1529:14)
    at Module._extensions..js (node:internal/modules/cjs/loader:1613:10)
    at Module.load (node:internal/modules/cjs/loader:1275:32)
    at Module._load (node:internal/modules/cjs/loader:1096:12)
    at Module.require (node:internal/modules/cjs/loader:1298:19)
    at Hook._require.Module.require (/usr/lib/node_modules/pm2/node_modules/require-in-the-middle/index.js:101:39) {
  code: 'MODULE_NOT_FOUND',
  requireStack: [
    '/root/triptime-node/route-proxy.js',
    '/root/triptime-node/server.js'
  ]
}
Error: Cannot find module 'morgan'
Require stack:
- /root/triptime-node/route-proxy.js
- /root/triptime-node/server.js
    at Module._resolveFilename (node:internal/modules/cjs/loader:1212:15)
    at Hook._require.Module.require (/usr/lib/node_modules/pm2/node_modules/require-in-the-middle/index.js:81:25)
    at require (node:internal/modules/helpers:182:18)
    at Object.<anonymous> (/root/triptime-node/route-proxy.js:4:16)
    at Module._compile (node:internal/modules/cjs/loader:1529:14)
    at Module._extensions..js (node:internal/modules/cjs/loader:1613:10)
    at Module.load (node:internal/modules/cjs/loader:1275:32)
    at Module._load (node:internal/modules/cjs/loader:1096:12)
    at Module.require (node:internal/modules/cjs/loader:1298:19)
    at Hook._require.Module.require (/usr/lib/node_modules/pm2/node_modules/require-in-the-middle/index.js:101:39) {
  code: 'MODULE_NOT_FOUND',
  requireStack: [
    '/root/triptime-node/route-proxy.js',
    '/root/triptime-node/server.js'
  ]
}
Error: Cannot find module 'morgan'
Require stack:
- /root/triptime-node/route-proxy.js
- /root/triptime-node/server.js
    at Module._resolveFilename (node:internal/modules/cjs/loader:1212:15)
    at Hook._require.Module.require (/usr/lib/node_modules/pm2/node_modules/require-in-the-middle/index.js:81:25)
    at require (node:internal/modules/helpers:182:18)
    at Object.<anonymous> (/root/triptime-node/route-proxy.js:4:16)
    at Module._compile (node:internal/modules/cjs/loader:1529:14)
    at Module._extensions..js (node:internal/modules/cjs/loader:1613:10)
    at Module.load (node:internal/modules/cjs/loader:1275:32)
    at Module._load (node:internal/modules/cjs/loader:1096:12)
    at Module.require (node:internal/modules/cjs/loader:1298:19)
    at Hook._require.Module.require (/usr/lib/node_modules/pm2/node_modules/require-in-the-middle/index.js:101:39) {
  code: 'MODULE_NOT_FOUND',
  requireStack: [
    '/root/triptime-node/route-proxy.js',
    '/root/triptime-node/server.js'
  ]
}
Error: Cannot find module 'morgan'
Require stack:
- /root/triptime-node/route-proxy.js
- /root/triptime-node/server.js
    at Module._resolveFilename (node:internal/modules/cjs/loader:1212:15)
    at Hook._require.Module.require (/usr/lib/node_modules/pm2/node_modules/require-in-the-middle/index.js:81:25)
    at require (node:internal/modules/helpers:182:18)
    at Object.<anonymous> (/root/triptime-node/route-proxy.js:4:16)
    at Module._compile (node:internal/modules/cjs/loader:1529:14)
    at Module._extensions..js (node:internal/modules/cjs/loader:1613:10)
    at Module.load (node:internal/modules/cjs/loader:1275:32)
    at Module._load (node:internal/modules/cjs/loader:1096:12)
    at Module.require (node:internal/modules/cjs/loader:1298:19)
    at Hook._require.Module.require (/usr/lib/node_modules/pm2/node_modules/require-in-the-middle/index.js:101:39) {
  code: 'MODULE_NOT_FOUND',
  requireStack: [
    '/root/triptime-node/route-proxy.js',
    '/root/triptime-node/server.js'
  ]
}
Error: Cannot find module 'morgan'
Require stack:
- /root/triptime-node/route-proxy.js
- /root/triptime-node/server.js
    at Module._resolveFilename (node:internal/modules/cjs/loader:1212:15)
    at Hook._require.Module.require (/usr/lib/node_modules/pm2/node_modules/require-in-the-middle/index.js:81:25)
    at require (node:internal/modules/helpers:182:18)
    at Object.<anonymous> (/root/triptime-node/route-proxy.js:4:16)
    at Module._compile (node:internal/modules/cjs/loader:1529:14)
    at Module._extensions..js (node:internal/modules/cjs/loader:1613:10)
    at Module.load (node:internal/modules/cjs/loader:1275:32)
    at Module._load (node:internal/modules/cjs/loader:1096:12)
    at Module.require (node:internal/modules/cjs/loader:1298:19)
    at Hook._require.Module.require (/usr/lib/node_modules/pm2/node_modules/require-in-the-middle/index.js:101:39) {
  code: 'MODULE_NOT_FOUND',
  requireStack: [
    '/root/triptime-node/route-proxy.js',
    '/root/triptime-node/server.js'
  ]
}
Error: Cannot find module 'morgan'
Require stack:
- /root/triptime-node/route-proxy.js
- /root/triptime-node/server.js
    at Module._resolveFilename (node:internal/modules/cjs/loader:1212:15)
    at Hook._require.Module.require (/usr/lib/node_modules/pm2/node_modules/require-in-the-middle/index.js:81:25)
    at require (node:internal/modules/helpers:182:18)
    at Object.<anonymous> (/root/triptime-node/route-proxy.js:4:16)
    at Module._compile (node:internal/modules/cjs/loader:1529:14)
    at Module._extensions..js (node:internal/modules/cjs/loader:1613:10)
    at Module.load (node:internal/modules/cjs/loader:1275:32)
    at Module._load (node:internal/modules/cjs/loader:1096:12)
    at Module.require (node:internal/modules/cjs/loader:1298:19)
    at Hook._require.Module.require (/usr/lib/node_modules/pm2/node_modules/require-in-the-middle/index.js:101:39) {
  code: 'MODULE_NOT_FOUND',
  requireStack: [
    '/root/triptime-node/route-proxy.js',
    '/root/triptime-node/server.js'
  ]
}
Error: Cannot find module 'morgan'
Require stack:
- /root/triptime-node/route-proxy.js
- /root/triptime-node/server.js
    at Module._resolveFilename (node:internal/modules/cjs/loader:1212:15)
    at Hook._require.Module.require (/usr/lib/node_modules/pm2/node_modules/require-in-the-middle/index.js:81:25)
    at require (node:internal/modules/helpers:182:18)
    at Object.<anonymous> (/root/triptime-node/route-proxy.js:4:16)
    at Module._compile (node:internal/modules/cjs/loader:1529:14)
    at Module._extensions..js (node:internal/modules/cjs/loader:1613:10)
    at Module.load (node:internal/modules/cjs/loader:1275:32)
    at Module._load (node:internal/modules/cjs/loader:1096:12)
    at Module.require (node:internal/modules/cjs/loader:1298:19)
    at Hook._require.Module.require (/usr/lib/node_modules/pm2/node_modules/require-in-the-middle/index.js:101:39) {
  code: 'MODULE_NOT_FOUND',
  requireStack: [
    '/root/triptime-node/route-proxy.js',
    '/root/triptime-node/server.js'
  ]
}
Error: Cannot find module 'morgan'
Require stack:
- /root/triptime-node/route-proxy.js
- /root/triptime-node/server.js
    at Module._resolveFilename (node:internal/modules/cjs/loader:1212:15)
    at Hook._require.Module.require (/usr/lib/node_modules/pm2/node_modules/require-in-the-middle/index.js:81:25)
    at require (node:internal/modules/helpers:182:18)
    at Object.<anonymous> (/root/triptime-node/route-proxy.js:4:16)
    at Module._compile (node:internal/modules/cjs/loader:1529:14)
    at Module._extensions..js (node:internal/modules/cjs/loader:1613:10)
    at Module.load (node:internal/modules/cjs/loader:1275:32)
    at Module._load (node:internal/modules/cjs/loader:1096:12)
    at Module.require (node:internal/modules/cjs/loader:1298:19)
    at Hook._require.Module.require (/usr/lib/node_modules/pm2/node_modules/require-in-the-middle/index.js:101:39) {
  code: 'MODULE_NOT_FOUND',
  requireStack: [
    '/root/triptime-node/route-proxy.js',
    '/root/triptime-node/server.js'
  ]
}
Error: Cannot find module 'morgan'
Require stack:
- /root/triptime-node/route-proxy.js
- /root/triptime-node/server.js
    at Module._resolveFilename (node:internal/modules/cjs/loader:1212:15)
    at Hook._require.Module.require (/usr/lib/node_modules/pm2/node_modules/require-in-the-middle/index.js:81:25)
    at require (node:internal/modules/helpers:182:18)
    at Object.<anonymous> (/root/triptime-node/route-proxy.js:4:16)
    at Module._compile (node:internal/modules/cjs/loader:1529:14)
    at Module._extensions..js (node:internal/modules/cjs/loader:1613:10)
    at Module.load (node:internal/modules/cjs/loader:1275:32)
    at Module._load (node:internal/modules/cjs/loader:1096:12)
    at Module.require (node:internal/modules/cjs/loader:1298:19)
    at Hook._require.Module.require (/usr/lib/node_modules/pm2/node_modules/require-in-the-middle/index.js:101:39) {
  code: 'MODULE_NOT_FOUND',
  requireStack: [
    '/root/triptime-node/route-proxy.js',
    '/root/triptime-node/server.js'
  ]
}
Error: Cannot find module 'morgan'
Require stack:
- /root/triptime-node/route-proxy.js
- /root/triptime-node/server.js
    at Module._resolveFilename (node:internal/modules/cjs/loader:1212:15)
    at Hook._require.Module.require (/usr/lib/node_modules/pm2/node_modules/require-in-the-middle/index.js:81:25)
    at require (node:internal/modules/helpers:182:18)
    at Object.<anonymous> (/root/triptime-node/route-proxy.js:4:16)
    at Module._compile (node:internal/modules/cjs/loader:1529:14)
    at Module._extensions..js (node:internal/modules/cjs/loader:1613:10)
    at Module.load (node:internal/modules/cjs/loader:1275:32)
    at Module._load (node:internal/modules/cjs/loader:1096:12)
    at Module.require (node:internal/modules/cjs/loader:1298:19)
    at Hook._require.Module.require (/usr/lib/node_modules/pm2/node_modules/require-in-the-middle/index.js:101:39) {
  code: 'MODULE_NOT_FOUND',
  requireStack: [
    '/root/triptime-node/route-proxy.js',
    '/root/triptime-node/server.js'
  ]
}
Error: Cannot find module 'morgan'
Require stack:
- /root/triptime-node/route-proxy.js
- /root/triptime-node/server.js
    at Module._resolveFilename (node:internal/modules/cjs/loader:1212:15)
    at Hook._require.Module.require (/usr/lib/node_modules/pm2/node_modules/require-in-the-middle/index.js:81:25)
    at require (node:internal/modules/helpers:182:18)
    at Object.<anonymous> (/root/triptime-node/route-proxy.js:4:16)
    at Module._compile (node:internal/modules/cjs/loader:1529:14)
    at Module._extensions..js (node:internal/modules/cjs/loader:1613:10)
    at Module.load (node:internal/modules/cjs/loader:1275:32)
    at Module._load (node:internal/modules/cjs/loader:1096:12)
    at Module.require (node:internal/modules/cjs/loader:1298:19)
    at Hook._require.Module.require (/usr/lib/node_modules/pm2/node_modules/require-in-the-middle/index.js:101:39) {
  code: 'MODULE_NOT_FOUND',
  requireStack: [
    '/root/triptime-node/route-proxy.js',
    '/root/triptime-node/server.js'
  ]
}
Error: Cannot find module 'morgan'
Require stack:
- /root/triptime-node/route-proxy.js
- /root/triptime-node/server.js
    at Module._resolveFilename (node:internal/modules/cjs/loader:1212:15)
    at Hook._require.Module.require (/usr/lib/node_modules/pm2/node_modules/require-in-the-middle/index.js:81:25)
    at require (node:internal/modules/helpers:182:18)
    at Object.<anonymous> (/root/triptime-node/route-proxy.js:4:16)
    at Module._compile (node:internal/modules/cjs/loader:1529:14)
    at Module._extensions..js (node:internal/modules/cjs/loader:1613:10)
    at Module.load (node:internal/modules/cjs/loader:1275:32)
    at Module._load (node:internal/modules/cjs/loader:1096:12)
    at Module.require (node:internal/modules/cjs/loader:1298:19)
    at Hook._require.Module.require (/usr/lib/node_modules/pm2/node_modules/require-in-the-middle/index.js:101:39) {
  code: 'MODULE_NOT_FOUND',
  requireStack: [
    '/root/triptime-node/route-proxy.js',
    '/root/triptime-node/server.js'
  ]
}
Error: Cannot find module 'morgan'
Require stack:
- /root/triptime-node/route-proxy.js
- /root/triptime-node/server.js
    at Module._resolveFilename (node:internal/modules/cjs/loader:1212:15)
    at Hook._require.Module.require (/usr/lib/node_modules/pm2/node_modules/require-in-the-middle/index.js:81:25)
    at require (node:internal/modules/helpers:182:18)
    at Object.<anonymous> (/root/triptime-node/route-proxy.js:4:16)
    at Module._compile (node:internal/modules/cjs/loader:1529:14)
    at Module._extensions..js (node:internal/modules/cjs/loader:1613:10)
    at Module.load (node:internal/modules/cjs/loader:1275:32)
    at Module._load (node:internal/modules/cjs/loader:1096:12)
    at Module.require (node:internal/modules/cjs/loader:1298:19)
    at Hook._require.Module.require (/usr/lib/node_modules/pm2/node_modules/require-in-the-middle/index.js:101:39) {
  code: 'MODULE_NOT_FOUND',
  requireStack: [
    '/root/triptime-node/route-proxy.js',
    '/root/triptime-node/server.js'
  ]
}
Error: Cannot find module 'morgan'
Require stack:
- /root/triptime-node/route-proxy.js
- /root/triptime-node/server.js
    at Module._resolveFilename (node:internal/modules/cjs/loader:1212:15)
    at Hook._require.Module.require (/usr/lib/node_modules/pm2/node_modules/require-in-the-middle/index.js:81:25)
    at require (node:internal/modules/helpers:182:18)
    at Object.<anonymous> (/root/triptime-node/route-proxy.js:4:16)
    at Module._compile (node:internal/modules/cjs/loader:1529:14)
    at Module._extensions..js (node:internal/modules/cjs/loader:1613:10)
    at Module.load (node:internal/modules/cjs/loader:1275:32)
    at Module._load (node:internal/modules/cjs/loader:1096:12)
    at Module.require (node:internal/modules/cjs/loader:1298:19)
    at Hook._require.Module.require (/usr/lib/node_modules/pm2/node_modules/require-in-the-middle/index.js:101:39) {
  code: 'MODULE_NOT_FOUND',
  requireStack: [
    '/root/triptime-node/route-proxy.js',
    '/root/triptime-node/server.js'
  ]
}
Error: Cannot find module 'morgan'
Require stack:
- /root/triptime-node/route-proxy.js
- /root/triptime-node/server.js
    at Module._resolveFilename (node:internal/modules/cjs/loader:1212:15)
    at Hook._require.Module.require (/usr/lib/node_modules/pm2/node_modules/require-in-the-middle/index.js:81:25)
    at require (node:internal/modules/helpers:182:18)
    at Object.<anonymous> (/root/triptime-node/route-proxy.js:4:16)
    at Module._compile (node:internal/modules/cjs/loader:1529:14)
    at Module._extensions..js (node:internal/modules/cjs/loader:1613:10)
    at Module.load (node:internal/modules/cjs/loader:1275:32)
    at Module._load (node:internal/modules/cjs/loader:1096:12)
    at Module.require (node:internal/modules/cjs/loader:1298:19)
    at Hook._require.Module.require (/usr/lib/node_modules/pm2/node_modules/require-in-the-middle/index.js:101:39) {
  code: 'MODULE_NOT_FOUND',
  requireStack: [
    '/root/triptime-node/route-proxy.js',
    '/root/triptime-node/server.js'
  ]
}
Error: Cannot find module 'morgan'
Require stack:
- /root/triptime-node/route-proxy.js
- /root/triptime-node/server.js
    at Module._resolveFilename (node:internal/modules/cjs/loader:1212:15)
    at Hook._require.Module.require (/usr/lib/node_modules/pm2/node_modules/require-in-the-middle/index.js:81:25)
    at require (node:internal/modules/helpers:182:18)
    at Object.<anonymous> (/root/triptime-node/route-proxy.js:4:16)
    at Module._compile (node:internal/modules/cjs/loader:1529:14)
    at Module._extensions..js (node:internal/modules/cjs/loader:1613:10)
    at Module.load (node:internal/modules/cjs/loader:1275:32)
    at Module._load (node:internal/modules/cjs/loader:1096:12)
    at Module.require (node:internal/modules/cjs/loader:1298:19)
    at Hook._require.Module.require (/usr/lib/node_modules/pm2/node_modules/require-in-the-middle/index.js:101:39) {
  code: 'MODULE_NOT_FOUND',
  requireStack: [
    '/root/triptime-node/route-proxy.js',
    '/root/triptime-node/server.js'
  ]
}
Error: Cannot find module 'morgan'
Require stack:
- /root/triptime-node/route-proxy.js
- /root/triptime-node/server.js
    at Module._resolveFilename (node:internal/modules/cjs/loader:1212:15)
    at Hook._require.Module.require (/usr/lib/node_modules/pm2/node_modules/require-in-the-middle/index.js:81:25)
    at require (node:internal/modules/helpers:182:18)
    at Object.<anonymous> (/root/triptime-node/route-proxy.js:4:16)
    at Module._compile (node:internal/modules/cjs/loader:1529:14)
    at Module._extensions..js (node:internal/modules/cjs/loader:1613:10)
    at Module.load (node:internal/modules/cjs/loader:1275:32)
    at Module._load (node:internal/modules/cjs/loader:1096:12)
    at Module.require (node:internal/modules/cjs/loader:1298:19)
    at Hook._require.Module.require (/usr/lib/node_modules/pm2/node_modules/require-in-the-middle/index.js:101:39) {
  code: 'MODULE_NOT_FOUND',
  requireStack: [
    '/root/triptime-node/route-proxy.js',
    '/root/triptime-node/server.js'
  ]
}
Error: Cannot find module 'morgan'
Require stack:
- /root/triptime-node/route-proxy.js
- /root/triptime-node/server.js
    at Module._resolveFilename (node:internal/modules/cjs/loader:1212:15)
    at Hook._require.Module.require (/usr/lib/node_modules/pm2/node_modules/require-in-the-middle/index.js:81:25)
    at require (node:internal/modules/helpers:182:18)
    at Object.<anonymous> (/root/triptime-node/route-proxy.js:4:16)
    at Module._compile (node:internal/modules/cjs/loader:1529:14)
    at Module._extensions..js (node:internal/modules/cjs/loader:1613:10)
    at Module.load (node:internal/modules/cjs/loader:1275:32)
    at Module._load (node:internal/modules/cjs/loader:1096:12)
    at Module.require (node:internal/modules/cjs/loader:1298:19)
    at Hook._require.Module.require (/usr/lib/node_modules/pm2/node_modules/require-in-the-middle/index.js:101:39) {
  code: 'MODULE_NOT_FOUND',
  requireStack: [
    '/root/triptime-node/route-proxy.js',
    '/root/triptime-node/server.js'
  ]
}
Error: Cannot find module 'morgan'
Require stack:
- /root/triptime-node/route-proxy.js
- /root/triptime-node/server.js
    at Module._resolveFilename (node:internal/modules/cjs/loader:1212:15)
    at Hook._require.Module.require (/usr/lib/node_modules/pm2/node_modules/require-in-the-middle/index.js:81:25)
    at require (node:internal/modules/helpers:182:18)
    at Object.<anonymous> (/root/triptime-node/route-proxy.js:4:16)
    at Module._compile (node:internal/modules/cjs/loader:1529:14)
    at Module._extensions..js (node:internal/modules/cjs/loader:1613:10)
    at Module.load (node:internal/modules/cjs/loader:1275:32)
    at Module._load (node:internal/modules/cjs/loader:1096:12)
    at Module.require (node:internal/modules/cjs/loader:1298:19)
    at Hook._require.Module.require (/usr/lib/node_modules/pm2/node_modules/require-in-the-middle/index.js:101:39) {
  code: 'MODULE_NOT_FOUND',
  requireStack: [
    '/root/triptime-node/route-proxy.js',
    '/root/triptime-node/server.js'
  ]
}
Error: Cannot find module 'morgan'
Require stack:
- /root/triptime-node/route-proxy.js
- /root/triptime-node/server.js
    at Module._resolveFilename (node:internal/modules/cjs/loader:1212:15)
    at Hook._require.Module.require (/usr/lib/node_modules/pm2/node_modules/require-in-the-middle/index.js:81:25)
    at require (node:internal/modules/helpers:182:18)
    at Object.<anonymous> (/root/triptime-node/route-proxy.js:4:16)
    at Module._compile (node:internal/modules/cjs/loader:1529:14)
    at Module._extensions..js (node:internal/modules/cjs/loader:1613:10)
    at Module.load (node:internal/modules/cjs/loader:1275:32)
    at Module._load (node:internal/modules/cjs/loader:1096:12)
    at Module.require (node:internal/modules/cjs/loader:1298:19)
    at Hook._require.Module.require (/usr/lib/node_modules/pm2/node_modules/require-in-the-middle/index.js:101:39) {
  code: 'MODULE_NOT_FOUND',
  requireStack: [
    '/root/triptime-node/route-proxy.js',
    '/root/triptime-node/server.js'
  ]
}
Error: Cannot find module 'morgan'
Require stack:
- /root/triptime-node/route-proxy.js
- /root/triptime-node/server.js
    at Module._resolveFilename (node:internal/modules/cjs/loader:1212:15)
    at Hook._require.Module.require (/usr/lib/node_modules/pm2/node_modules/require-in-the-middle/index.js:81:25)
    at require (node:internal/modules/helpers:182:18)
    at Object.<anonymous> (/root/triptime-node/route-proxy.js:4:16)
    at Module._compile (node:internal/modules/cjs/loader:1529:14)
    at Module._extensions..js (node:internal/modules/cjs/loader:1613:10)
    at Module.load (node:internal/modules/cjs/loader:1275:32)
    at Module._load (node:internal/modules/cjs/loader:1096:12)
    at Module.require (node:internal/modules/cjs/loader:1298:19)
    at Hook._require.Module.require (/usr/lib/node_modules/pm2/node_modules/require-in-the-middle/index.js:101:39) {
  code: 'MODULE_NOT_FOUND',
  requireStack: [
    '/root/triptime-node/route-proxy.js',
    '/root/triptime-node/server.js'
  ]
}
Error: Cannot find module 'morgan'
Require stack:
- /root/triptime-node/route-proxy.js
- /root/triptime-node/server.js
    at Module._resolveFilename (node:internal/modules/cjs/loader:1212:15)
    at Hook._require.Module.require (/usr/lib/node_modules/pm2/node_modules/require-in-the-middle/index.js:81:25)
    at require (node:internal/modules/helpers:182:18)
    at Object.<anonymous> (/root/triptime-node/route-proxy.js:4:16)
    at Module._compile (node:internal/modules/cjs/loader:1529:14)
    at Module._extensions..js (node:internal/modules/cjs/loader:1613:10)
    at Module.load (node:internal/modules/cjs/loader:1275:32)
    at Module._load (node:internal/modules/cjs/loader:1096:12)
    at Module.require (node:internal/modules/cjs/loader:1298:19)
    at Hook._require.Module.require (/usr/lib/node_modules/pm2/node_modules/require-in-the-middle/index.js:101:39) {
  code: 'MODULE_NOT_FOUND',
  requireStack: [
    '/root/triptime-node/route-proxy.js',
    '/root/triptime-node/server.js'
  ]
}
Error: Cannot find module 'morgan'
Require stack:
- /root/triptime-node/route-proxy.js
- /root/triptime-node/server.js
    at Module._resolveFilename (node:internal/modules/cjs/loader:1212:15)
    at Hook._require.Module.require (/usr/lib/node_modules/pm2/node_modules/require-in-the-middle/index.js:81:25)
    at require (node:internal/modules/helpers:182:18)
    at Object.<anonymous> (/root/triptime-node/route-proxy.js:4:16)
    at Module._compile (node:internal/modules/cjs/loader:1529:14)
    at Module._extensions..js (node:internal/modules/cjs/loader:1613:10)
    at Module.load (node:internal/modules/cjs/loader:1275:32)
    at Module._load (node:internal/modules/cjs/loader:1096:12)
    at Module.require (node:internal/modules/cjs/loader:1298:19)
    at Hook._require.Module.require (/usr/lib/node_modules/pm2/node_modules/require-in-the-middle/index.js:101:39) {
  code: 'MODULE_NOT_FOUND',
  requireStack: [
    '/root/triptime-node/route-proxy.js',
    '/root/triptime-node/server.js'
  ]
}
Error: Cannot find module 'morgan'
Require stack:
- /root/triptime-node/route-proxy.js
- /root/triptime-node/server.js
    at Module._resolveFilename (node:internal/modules/cjs/loader:1212:15)
    at Hook._require.Module.require (/usr/lib/node_modules/pm2/node_modules/require-in-the-middle/index.js:81:25)
    at require (node:internal/modules/helpers:182:18)
    at Object.<anonymous> (/root/triptime-node/route-proxy.js:4:16)
    at Module._compile (node:internal/modules/cjs/loader:1529:14)
    at Module._extensions..js (node:internal/modules/cjs/loader:1613:10)
    at Module.load (node:internal/modules/cjs/loader:1275:32)
    at Module._load (node:internal/modules/cjs/loader:1096:12)
    at Module.require (node:internal/modules/cjs/loader:1298:19)
    at Hook._require.Module.require (/usr/lib/node_modules/pm2/node_modules/require-in-the-middle/index.js:101:39) {
  code: 'MODULE_NOT_FOUND',
  requireStack: [
    '/root/triptime-node/route-proxy.js',
    '/root/triptime-node/server.js'
  ]
}
Error: Cannot find module 'morgan'
Require stack:
- /root/triptime-node/route-proxy.js
- /root/triptime-node/server.js
    at Module._resolveFilename (node:internal/modules/cjs/loader:1212:15)
    at Hook._require.Module.require (/usr/lib/node_modules/pm2/node_modules/require-in-the-middle/index.js:81:25)
    at require (node:internal/modules/helpers:182:18)
    at Object.<anonymous> (/root/triptime-node/route-proxy.js:4:16)
    at Module._compile (node:internal/modules/cjs/loader:1529:14)
    at Module._extensions..js (node:internal/modules/cjs/loader:1613:10)
    at Module.load (node:internal/modules/cjs/loader:1275:32)
    at Module._load (node:internal/modules/cjs/loader:1096:12)
    at Module.require (node:internal/modules/cjs/loader:1298:19)
    at Hook._require.Module.require (/usr/lib/node_modules/pm2/node_modules/require-in-the-middle/index.js:101:39) {
  code: 'MODULE_NOT_FOUND',
  requireStack: [
    '/root/triptime-node/route-proxy.js',
    '/root/triptime-node/server.js'
  ]
}
Error: Cannot find module 'morgan'
Require stack:
- /root/triptime-node/route-proxy.js
- /root/triptime-node/server.js
    at Module._resolveFilename (node:internal/modules/cjs/loader:1212:15)
    at Hook._require.Module.require (/usr/lib/node_modules/pm2/node_modules/require-in-the-middle/index.js:81:25)
    at require (node:internal/modules/helpers:182:18)
    at Object.<anonymous> (/root/triptime-node/route-proxy.js:4:16)
    at Module._compile (node:internal/modules/cjs/loader:1529:14)
    at Module._extensions..js (node:internal/modules/cjs/loader:1613:10)
    at Module.load (node:internal/modules/cjs/loader:1275:32)
    at Module._load (node:internal/modules/cjs/loader:1096:12)
    at Module.require (node:internal/modules/cjs/loader:1298:19)
    at Hook._require.Module.require (/usr/lib/node_modules/pm2/node_modules/require-in-the-middle/index.js:101:39) {
  code: 'MODULE_NOT_FOUND',
  requireStack: [
    '/root/triptime-node/route-proxy.js',
    '/root/triptime-node/server.js'
  ]
}
Error: Cannot find module 'morgan'
Require stack:
- /root/triptime-node/route-proxy.js
- /root/triptime-node/server.js
    at Module._resolveFilename (node:internal/modules/cjs/loader:1212:15)
    at Hook._require.Module.require (/usr/lib/node_modules/pm2/node_modules/require-in-the-middle/index.js:81:25)
    at require (node:internal/modules/helpers:182:18)
    at Object.<anonymous> (/root/triptime-node/route-proxy.js:4:16)
    at Module._compile (node:internal/modules/cjs/loader:1529:14)
    at Module._extensions..js (node:internal/modules/cjs/loader:1613:10)
    at Module.load (node:internal/modules/cjs/loader:1275:32)
    at Module._load (node:internal/modules/cjs/loader:1096:12)
    at Module.require (node:internal/modules/cjs/loader:1298:19)
    at Hook._require.Module.require (/usr/lib/node_modules/pm2/node_modules/require-in-the-middle/index.js:101:39) {
  code: 'MODULE_NOT_FOUND',
  requireStack: [
    '/root/triptime-node/route-proxy.js',
    '/root/triptime-node/server.js'
  ]
}
Error: Cannot find module 'morgan'
Require stack:
- /root/triptime-node/route-proxy.js
- /root/triptime-node/server.js
    at Module._resolveFilename (node:internal/modules/cjs/loader:1212:15)
    at Hook._require.Module.require (/usr/lib/node_modules/pm2/node_modules/require-in-the-middle/index.js:81:25)
    at require (node:internal/modules/helpers:182:18)
    at Object.<anonymous> (/root/triptime-node/route-proxy.js:4:16)
    at Module._compile (node:internal/modules/cjs/loader:1529:14)
    at Module._extensions..js (node:internal/modules/cjs/loader:1613:10)
    at Module.load (node:internal/modules/cjs/loader:1275:32)
    at Module._load (node:internal/modules/cjs/loader:1096:12)
    at Module.require (node:internal/modules/cjs/loader:1298:19)
    at Hook._require.Module.require (/usr/lib/node_modules/pm2/node_modules/require-in-the-middle/index.js:101:39) {
  code: 'MODULE_NOT_FOUND',
  requireStack: [
    '/root/triptime-node/route-proxy.js',
    '/root/triptime-node/server.js'
  ]
}
Error: Cannot find module 'morgan'
Require stack:
- /root/triptime-node/route-proxy.js
- /root/triptime-node/server.js
    at Module._resolveFilename (node:internal/modules/cjs/loader:1212:15)
    at Hook._require.Module.require (/usr/lib/node_modules/pm2/node_modules/require-in-the-middle/index.js:81:25)
    at require (node:internal/modules/helpers:182:18)
    at Object.<anonymous> (/root/triptime-node/route-proxy.js:4:16)
    at Module._compile (node:internal/modules/cjs/loader:1529:14)
    at Module._extensions..js (node:internal/modules/cjs/loader:1613:10)
    at Module.load (node:internal/modules/cjs/loader:1275:32)
    at Module._load (node:internal/modules/cjs/loader:1096:12)
    at Module.require (node:internal/modules/cjs/loader:1298:19)
    at Hook._require.Module.require (/usr/lib/node_modules/pm2/node_modules/require-in-the-middle/index.js:101:39) {
  code: 'MODULE_NOT_FOUND',
  requireStack: [
    '/root/triptime-node/route-proxy.js',
    '/root/triptime-node/server.js'
  ]
}
Error: Cannot find module 'morgan'
Require stack:
- /root/triptime-node/route-proxy.js
- /root/triptime-node/server.js
    at Module._resolveFilename (node:internal/modules/cjs/loader:1212:15)
    at Hook._require.Module.require (/usr/lib/node_modules/pm2/node_modules/require-in-the-middle/index.js:81:25)
    at require (node:internal/modules/helpers:182:18)
    at Object.<anonymous> (/root/triptime-node/route-proxy.js:4:16)
    at Module._compile (node:internal/modules/cjs/loader:1529:14)
    at Module._extensions..js (node:internal/modules/cjs/loader:1613:10)
    at Module.load (node:internal/modules/cjs/loader:1275:32)
    at Module._load (node:internal/modules/cjs/loader:1096:12)
    at Module.require (node:internal/modules/cjs/loader:1298:19)
    at Hook._require.Module.require (/usr/lib/node_modules/pm2/node_modules/require-in-the-middle/index.js:101:39) {
  code: 'MODULE_NOT_FOUND',
  requireStack: [
    '/root/triptime-node/route-proxy.js',
    '/root/triptime-node/server.js'
  ]
}
Error: Cannot find module 'morgan'
Require stack:
- /root/triptime-node/route-proxy.js
- /root/triptime-node/server.js
    at Module._resolveFilename (node:internal/modules/cjs/loader:1212:15)
    at Hook._require.Module.require (/usr/lib/node_modules/pm2/node_modules/require-in-the-middle/index.js:81:25)
    at require (node:internal/modules/helpers:182:18)
    at Object.<anonymous> (/root/triptime-node/route-proxy.js:4:16)
    at Module._compile (node:internal/modules/cjs/loader:1529:14)
    at Module._extensions..js (node:internal/modules/cjs/loader:1613:10)
    at Module.load (node:internal/modules/cjs/loader:1275:32)
    at Module._load (node:internal/modules/cjs/loader:1096:12)
    at Module.require (node:internal/modules/cjs/loader:1298:19)
    at Hook._require.Module.require (/usr/lib/node_modules/pm2/node_modules/require-in-the-middle/index.js:101:39) {
  code: 'MODULE_NOT_FOUND',
  requireStack: [
    '/root/triptime-node/route-proxy.js',
    '/root/triptime-node/server.js'
  ]
}
Error: Cannot find module 'morgan'
Require stack:
- /root/triptime-node/route-proxy.js
- /root/triptime-node/server.js
    at Module._resolveFilename (node:internal/modules/cjs/loader:1212:15)
    at Hook._require.Module.require (/usr/lib/node_modules/pm2/node_modules/require-in-the-middle/index.js:81:25)
    at require (node:internal/modules/helpers:182:18)
    at Object.<anonymous> (/root/triptime-node/route-proxy.js:4:16)
    at Module._compile (node:internal/modules/cjs/loader:1529:14)
    at Module._extensions..js (node:internal/modules/cjs/loader:1613:10)
    at Module.load (node:internal/modules/cjs/loader:1275:32)
    at Module._load (node:internal/modules/cjs/loader:1096:12)
    at Module.require (node:internal/modules/cjs/loader:1298:19)
    at Hook._require.Module.require (/usr/lib/node_modules/pm2/node_modules/require-in-the-middle/index.js:101:39) {
  code: 'MODULE_NOT_FOUND',
  requireStack: [
    '/root/triptime-node/route-proxy.js',
    '/root/triptime-node/server.js'
  ]
}
